{
    "Node Type": "Aggregate",
    "Strategy": "Sorted",
    "Partial Mode": "Finalize",
    "Parallel Aware": false,
    "Startup Cost": 243325.65,
    "Total Cost": 243327.73,
    "Plan Rows": 6,
    "Plan Width": 236,
    "Actual Startup Time": 12357.694,
    "Actual Total Time": 12371.642,
    "Actual Rows": 4,
    "Actual Loops": 1,
    "Group Key": [
        "l_returnflag",
        "l_linestatus"
    ],
    "Plans": [
        {
            "Node Type": "Gather Merge",
            "Parent Relationship": "Outer",
            "Parallel Aware": false,
            "Startup Cost": 243325.65,
            "Total Cost": 243327.05,
            "Plan Rows": 12,
            "Plan Width": 236,
            "Actual Startup Time": 12357.409,
            "Actual Total Time": 12371.351,
            "Actual Rows": 12,
            "Actual Loops": 1,
            "Workers Planned": 2,
            "Workers Launched": 2,
            "Plans": [
                {
                    "Node Type": "Sort",
                    "Parent Relationship": "Outer",
                    "Parallel Aware": false,
                    "Startup Cost": 242325.63,
                    "Total Cost": 242325.64,
                    "Plan Rows": 6,
                    "Plan Width": 236,
                    "Actual Startup Time": 12293.495,
                    "Actual Total Time": 12293.497,
                    "Actual Rows": 4,
                    "Actual Loops": 3,
                    "Sort Key": [
                        "l_returnflag",
                        "l_linestatus"
                    ],
                    "Sort Method": "quicksort",
                    "Sort Space Used": 27,
                    "Sort Space Type": "Memory",
                    "Workers": [
                        {
                            "Worker Number": 0,
                            "Sort Method": "quicksort",
                            "Sort Space Used": 27,
                            "Sort Space Type": "Memory"
                        },
                        {
                            "Worker Number": 1,
                            "Sort Method": "quicksort",
                            "Sort Space Used": 27,
                            "Sort Space Type": "Memory"
                        }
                    ],
                    "Plans": [
                        {
                            "Node Type": "Aggregate",
                            "Strategy": "Hashed",
                            "Partial Mode": "Partial",
                            "Parent Relationship": "Outer",
                            "Parallel Aware": false,
                            "Startup Cost": 242325.38,
                            "Total Cost": 242325.55,
                            "Plan Rows": 6,
                            "Plan Width": 236,
                            "Actual Startup Time": 12293.298,
                            "Actual Total Time": 12293.325,
                            "Actual Rows": 4,
                            "Actual Loops": 3,
                            "Group Key": [
                                "l_returnflag",
                                "l_linestatus"
                            ],
                            "Planned Partitions": 0,
                            "HashAgg Batches": 1,
                            "Peak Memory Usage": 24,
                            "Disk Usage": 0,
                            "Workers": [
                                {
                                    "Worker Number": 0,
                                    "HashAgg Batches": 1,
                                    "Peak Memory Usage": 24,
                                    "Disk Usage": 0
                                },
                                {
                                    "Worker Number": 1,
                                    "HashAgg Batches": 1,
                                    "Peak Memory Usage": 24,
                                    "Disk Usage": 0
                                }
                            ],
                            "Plans": [
                                {
                                    "Node Type": "Seq Scan",
                                    "Parent Relationship": "Outer",
                                    "Parallel Aware": true,
                                    "Relation Name": "lineitem",
                                    "Alias": "lineitem",
                                    "Startup Cost": 0.0,
                                    "Total Cost": 143752.86,
                                    "Plan Rows": 2464313,
                                    "Plan Width": 25,
                                    "Actual Startup Time": 0.26,
                                    "Actual Total Time": 2550.609,
                                    "Actual Rows": 1972221,
                                    "Actual Loops": 3,
                                    "Filter": "(l_shipdate <= '1998-09-02 00:00:00'::timestamp without time zone)",
                                    "Rows Removed by Filter": 28184,
                                    "Workers": []
                                }
                            ]
                        }
                    ]
                }
            ]
        }
    ]
}