{
   "Node Type":"Sort",
   "Parallel Aware":false,
   "Async Capable":false,
   "Startup Cost":37540.92,
   "Total Cost":37541.35,
   "Plan Rows":170,
   "Plan Width":136,
   "Actual Startup Time":52.219,
   "Actual Total Time":58.127,
   "Actual Rows":0,
   "Actual Loops":1,
   "Sort Key":[
      "(sum((lineitem.l_extendedprice * ('1'::numeric - lineitem.l_discount)))) DESC"
   ],
   "Sort Method":"quicksort",
   "Sort Space Used":25,
   "Sort Space Type":"Memory",
   "Plans":[
      {
         "Node Type":"Aggregate",
         "Strategy":"Sorted",
         "Partial Mode":"Finalize",
         "Parent Relationship":"Outer",
         "Parallel Aware":false,
         "Async Capable":false,
         "Startup Cost":37506.77,
         "Total Cost":37534.62,
         "Plan Rows":170,
         "Plan Width":136,
         "Actual Startup Time":52.201,
         "Actual Total Time":58.109,
         "Actual Rows":0,
         "Actual Loops":1,
         "Group Key":[
            "nation.n_name"
         ],
         "Plans":[
            {
               "Node Type":"Gather Merge",
               "Parent Relationship":"Outer",
               "Parallel Aware":false,
               "Async Capable":false,
               "Startup Cost":37506.77,
               "Total Cost":37531.07,
               "Plan Rows":190,
               "Plan Width":136,
               "Actual Startup Time":52.2,
               "Actual Total Time":58.106,
               "Actual Rows":0,
               "Actual Loops":1,
               "Workers Planned":2,
               "Workers Launched":2,
               "Plans":[
                  {
                     "Node Type":"Aggregate",
                     "Strategy":"Sorted",
                     "Partial Mode":"Partial",
                     "Parent Relationship":"Outer",
                     "Parallel Aware":false,
                     "Async Capable":false,
                     "Startup Cost":36506.74,
                     "Total Cost":36509.12,
                     "Plan Rows":95,
                     "Plan Width":136,
                     "Actual Startup Time":21.535,
                     "Actual Total Time":21.543,
                     "Actual Rows":0,
                     "Actual Loops":3,
                     "Group Key":[
                        "nation.n_name"
                     ],
                     "Workers":[
                        
                     ],
                     "Plans":[
                        {
                           "Node Type":"Sort",
                           "Parent Relationship":"Outer",
                           "Parallel Aware":false,
                           "Async Capable":false,
                           "Startup Cost":36506.74,
                           "Total Cost":36506.98,
                           "Plan Rows":95,
                           "Plan Width":116,
                           "Actual Startup Time":21.533,
                           "Actual Total Time":21.541,
                           "Actual Rows":0,
                           "Actual Loops":3,
                           "Sort Key":[
                              "nation.n_name"
                           ],
                           "Sort Method":"quicksort",
                           "Sort Space Used":25,
                           "Sort Space Type":"Memory",
                           "Workers":[
                              {
                                 "Worker Number":0,
                                 "Sort Method":"quicksort",
                                 "Sort Space Used":25,
                                 "Sort Space Type":"Memory"
                              },
                              {
                                 "Worker Number":1,
                                 "Sort Method":"quicksort",
                                 "Sort Space Used":25,
                                 "Sort Space Type":"Memory"
                              }
                           ],
                           "Plans":[
                              {
                                 "Node Type":"Hash Join",
                                 "Parent Relationship":"Outer",
                                 "Parallel Aware":false,
                                 "Async Capable":false,
                                 "Join Type":"Inner",
                                 "Startup Cost":4931.39,
                                 "Total Cost":36503.62,
                                 "Plan Rows":95,
                                 "Plan Width":116,
                                 "Actual Startup Time":21.5,
                                 "Actual Total Time":21.507,
                                 "Actual Rows":0,
                                 "Actual Loops":3,
                                 "Inner Unique":true,
                                 "Hash Cond":"((lineitem.l_suppkey = supplier.s_suppkey) AND (customer.c_nationkey = supplier.s_nationkey))",
                                 "Workers":[
                                    
                                 ],
                                 "Plans":[
                                    {
                                       "Node Type":"Nested Loop",
                                       "Parent Relationship":"Outer",
                                       "Parallel Aware":false,
                                       "Async Capable":false,
                                       "Join Type":"Inner",
                                       "Startup Cost":4476.39,
                                       "Total Cost":36036.73,
                                       "Plan Rows":2266,
                                       "Plan Width":128,
                                       "Actual Startup Time":17.539,
                                       "Actual Total Time":17.545,
                                       "Actual Rows":0,
                                       "Actual Loops":3,
                                       "Inner Unique":false,
                                       "Workers":[
                                          
                                       ],
                                       "Plans":[
                                          {
                                             "Node Type":"Hash Join",
                                             "Parent Relationship":"Outer",
                                             "Parallel Aware":true,
                                             "Async Capable":false,
                                             "Join Type":"Inner",
                                             "Startup Cost":4475.96,
                                             "Total Cost":34214.37,
                                             "Plan Rows":566,
                                             "Plan Width":116,
                                             "Actual Startup Time":17.537,
                                             "Actual Total Time":17.543,
                                             "Actual Rows":0,
                                             "Actual Loops":3,
                                             "Inner Unique":false,
                                             "Hash Cond":"(orders.o_custkey = customer.c_custkey)",
                                             "Workers":[
                                                
                                             ],
                                             "Plans":[
                                                {
                                                   "Node Type":"Seq Scan",
                                                   "Parent Relationship":"Outer",
                                                   "Parallel Aware":true,
                                                   "Async Capable":false,
                                                   "Relation Name":"orders",
                                                   "Alias":"orders",
                                                   "Startup Cost":0.0,
                                                   "Total Cost":29375.0,
                                                   "Plan Rows":96280,
                                                   "Plan Width":8,
                                                   "Actual Startup Time":0.0,
                                                   "Actual Total Time":0.0,
                                                   "Actual Rows":0,
                                                   "Actual Loops":0,
                                                   "Filter":"((o_orderdate >= '1994-01-01'::date) AND (o_orderdate < '1995-01-01 00:00:00'::timestamp without time zone))",
                                                   "Rows Removed by Filter":0,
                                                   "Workers":[
                                                      
                                                   ]
                                                },
                                                {
                                                   "Node Type":"Hash",
                                                   "Parent Relationship":"Inner",
                                                   "Parallel Aware":true,
                                                   "Async Capable":false,
                                                   "Startup Cost":4471.36,
                                                   "Total Cost":4471.36,
                                                   "Plan Rows":368,
                                                   "Plan Width":116,
                                                   "Actual Startup Time":17.494,
                                                   "Actual Total Time":17.497,
                                                   "Actual Rows":0,
                                                   "Actual Loops":3,
                                                   "Hash Buckets":1024,
                                                   "Original Hash Buckets":1024,
                                                   "Hash Batches":1,
                                                   "Original Hash Batches":1,
                                                   "Peak Memory Usage":0,
                                                   "Workers":[
                                                      
                                                   ],
                                                   "Plans":[
                                                      {
                                                         "Node Type":"Hash Join",
                                                         "Parent Relationship":"Outer",
                                                         "Parallel Aware":false,
                                                         "Async Capable":false,
                                                         "Join Type":"Inner",
                                                         "Startup Cost":24.31,
                                                         "Total Cost":4471.36,
                                                         "Plan Rows":368,
                                                         "Plan Width":116,
                                                         "Actual Startup Time":17.434,
                                                         "Actual Total Time":17.438,
                                                         "Actual Rows":0,
                                                         "Actual Loops":3,
                                                         "Inner Unique":false,
                                                         "Hash Cond":"(customer.c_nationkey = nation.n_nationkey)",
                                                         "Workers":[
                                                            
                                                         ],
                                                         "Plans":[
                                                            {
                                                               "Node Type":"Seq Scan",
                                                               "Parent Relationship":"Outer",
                                                               "Parallel Aware":true,
                                                               "Async Capable":false,
                                                               "Relation Name":"customer",
                                                               "Alias":"customer",
                                                               "Startup Cost":0.0,
                                                               "Total Cost":4209.0,
                                                               "Plan Rows":62500,
                                                               "Plan Width":8,
                                                               "Actual Startup Time":0.009,
                                                               "Actual Total Time":6.231,
                                                               "Actual Rows":50000,
                                                               "Actual Loops":3,
                                                               "Workers":[
                                                                  
                                                               ]
                                                            },
                                                            {
                                                               "Node Type":"Hash",
                                                               "Parent Relationship":"Inner",
                                                               "Parallel Aware":false,
                                                               "Async Capable":false,
                                                               "Startup Cost":24.29,
                                                               "Total Cost":24.29,
                                                               "Plan Rows":1,
                                                               "Plan Width":108,
                                                               "Actual Startup Time":0.512,
                                                               "Actual Total Time":0.515,
                                                               "Actual Rows":5,
                                                               "Actual Loops":3,
                                                               "Hash Buckets":1024,
                                                               "Original Hash Buckets":1024,
                                                               "Hash Batches":1,
                                                               "Original Hash Batches":1,
                                                               "Peak Memory Usage":9,
                                                               "Workers":[
                                                                  
                                                               ],
                                                               "Plans":[
                                                                  {
                                                                     "Node Type":"Hash Join",
                                                                     "Parent Relationship":"Outer",
                                                                     "Parallel Aware":false,
                                                                     "Async Capable":false,
                                                                     "Join Type":"Inner",
                                                                     "Startup Cost":12.14,
                                                                     "Total Cost":24.29,
                                                                     "Plan Rows":1,
                                                                     "Plan Width":108,
                                                                     "Actual Startup Time":0.5,
                                                                     "Actual Total Time":0.507,
                                                                     "Actual Rows":5,
                                                                     "Actual 
Loops":3,
                                                                     "Inner Unique":true,
                                                                     "Hash Cond":"(nation.n_regionkey = region.r_regionkey)",
                                                                     "Workers":[
                                                                        
                                                                     ],
                                                                     "Plans":[
                                                                        {
                                                                           "Node Type":"Seq Scan",
                                                                           "Parent Relationship":"Outer",
                                                                           "Parallel Aware":false,
                                                                           "Async Capable":false,
                                                                           "Relation Name":"nation",
                                                                           "Alias":"nation",
                                                                           "Startup Cost":0.0,
                                                                           "Total Cost":11.7,
                                                                           "Plan Rows":170,
                                                                           "Plan Width":112,
                                                                           "Actual Startup Time":0.283,
                                                                           "Actual Total Time":0.285,
                                                                           "Actual Rows":25,
                                                                           "Actual Loops":3,
                                                                           "Workers":[
                                                                              
                                                                           ]
                                                                        },
                                                                        {
                                                                           "Node Type":"Hash",
                                                                           "Parent Relationship":"Inner",
                                                                           "Parallel Aware":false,
                                                                           "Async Capable":false,
                                                                           "Startup Cost":12.13,
                                                                           "Total Cost":12.13,
                                                                           "Plan Rows":1,
                                                                           "Plan Width":4,
                                                                           "Actual Startup Time":0.203,
                                                                           "Actual Total Time":0.204,
                                                                           "Actual Rows":1,
                                                                           "Actual Loops":3,
                                                                           "Hash Buckets":1024,
                                                                           "Original Hash Buckets":1024,
                                                                           "Hash Batches":1,
                                                                           "Original Hash Batches":1,
                                                                           "Peak Memory Usage":9,
                                                                           "Workers":[
                                                                              
                                                                           ],
                                                                           "Plans":[
                                                                              {
                                                                                 "Node Type":"Seq Scan",
                                                                                 "Parent Relationship":"Outer",
                                                                                 "Parallel Aware":false,
                                                                                 "Async Capable":false,
                                                                                 "Relation Name":"region",
                                                                                 "Alias":"region",
                                                                                 "Startup Cost":0.0,
                                                                                 "Total Cost":12.13,
                                                                                 "Plan Rows":1,
                                                                                 "Plan Width":4,
                                                                                 "Actual Startup Time":0.194,
                                                                                 "Actual Total Time":0.195,
                                                                                 "Actual Rows":1,
                                                                                 "Actual Loops":3,
                                                                                 "Filter":"(r_name = 'ASIA'::bpchar)",
                                                                                 "Rows Removed by Filter":4,
                                                                                 "Workers":[
                                                                                    
                                                                                 ]
                                                                              }
                                                                           ]
                                                                        }
                                                                     ]
                                                                  }
                                                               ]
                                                            }
                                                         ]
                                                      }
                                                   ]
                                                }
                                             ]
                                          },
                                          {
                                             "Node Type":"Index Scan",
                                             "Parent Relationship":"Inner",
                                             "Parallel Aware":false,
                                             "Async Capable":false,
                                             "Scan Direction":"Forward",
                                             "Index Name":"lineitem_pkey",
                                             "Relation Name":"lineitem",
                                             "Alias":"lineitem",
                                             "Startup Cost":0.43,
                                             "Total Cost":3.06,
                                             "Plan Rows":16,
                                             "Plan Width":20,
                                             "Actual Startup Time":0.0,
                                             "Actual Total Time":0.0,
                                             "Actual Rows":0,
                                             "Actual Loops":0,
                                             "Index Cond":"(l_orderkey = orders.o_orderkey)",
                                             "Rows Removed by Index Recheck":0,
                                             "Workers":[
                                                
                                             ]
                                          }
                                       ]
                                    },
                                    {
                                       "Node Type":"Hash",
                                       "Parent Relationship":"Inner",
                                       "Parallel Aware":false,
                                       "Async Capable":false,
                                       "Startup Cost":305.0,
                                       "Total Cost":305.0,
                                       "Plan Rows":10000,
                                       "Plan Width":8,
                                       "Actual Startup Time":3.876,
                                       "Actual Total Time":3.876,
                                       "Actual Rows":10000,
                                       "Actual Loops":3,
                                       "Hash Buckets":16384,
                                       "Original Hash Buckets":16384,
                                       "Hash Batches":1,
                                       "Original Hash Batches":1,
                                       "Peak Memory Usage":519,
                                       "Workers":[
                                          
                                       ],
                                       "Plans":[
                                          {
                                             "Node Type":"Seq Scan",
                                             "Parent Relationship":"Outer",
                                             "Parallel Aware":false,
                                             "Async Capable":false,
                                             "Relation Name":"supplier",
                                             "Alias":"supplier",
                                             "Startup Cost":0.0,
                                             "Total Cost":305.0,
                                             "Plan Rows":10000,
                                             "Plan Width":8,
                                             "Actual Startup Time":0.249,
                                             "Actual Total Time":2.411,
                                             "Actual Rows":10000,
                                             "Actual Loops":3,
                                             "Workers":[
                                                
                                             ]
                                          }
                                       ]
                                    }
                                 ]
                              }
                           ]
                        }
                     ]
                  }
               ]
            }
         ]
      }
   ]
}