{
   "Node Type":"Aggregate",
   "Strategy":"Plain",
   "Partial Mode":"Finalize",
   "Parallel Aware":false,
   "Async Capable":false,
   "Startup Cost":170001.13,
   "Total Cost":170001.14,
   "Plan Rows":1,
   "Plan Width":32,
   "Actual Startup Time":830.758,
   "Actual Total Time":837.068,
   "Actual Rows":1,
   "Actual Loops":1,
   "Plans":[
      {
         "Node Type":"Gather",
         "Parent Relationship":"Outer",
         "Parallel Aware":false,
         "Async Capable":false,
         "Startup Cost":170000.91,
         "Total Cost":170001.12,
         "Plan Rows":2,
         "Plan Width":32,
         "Actual Startup Time":810.187,
         "Actual Total Time":837.048,
         "Actual Rows":3,
         "Actual Loops":1,
         "Workers Planned":2,
         "Workers Launched":2,
         "Single Copy":false,
         "Plans":[
            {
               "Node Type":"Aggregate",
               "Strategy":"Plain",
               "Partial 
Mode":"Partial",
               "Parent Relationship":"Outer",
               "Parallel Aware":false,
               "Async Capable":false,
               "Startup Cost":169000.91,
               "Total Cost":169000.92,
               "Plan Rows":1,
               "Plan Width":32,
               "Actual Startup Time":792.304,
               "Actual Total Time":792.305,
               "Actual Rows":1,
               "Actual Loops":3,
               "Workers":[
                  
               ],
               "Plans":[
                  {
                     "Node Type":"Seq Scan",
                     "Parent Relationship":"Outer",
                     "Parallel Aware":true,
                     "Async Capable":false,
                     "Relation Name":"lineitem",
                     "Alias":"lineitem",
                     "Startup Cost":0.0,
                     "Total Cost":168758.4,
                     "Plan Rows":48501,
                     "Plan Width":12,
                     "Actual Startup Time":0.47,
                     "Actual Total Time":774.79,
                     "Actual Rows":38001,
                     "Actual Loops":3,
                     "Filter":"((l_shipdate >= '1994-01-01'::date) AND (l_shipdate < '1995-01-01 00:00:00'::timestamp without time zone) AND (l_discount >= 0.05) AND (l_discount <= 0.07) AND (l_quantity < '24'::numeric))",
                     "Rows Removed by Filter":1962404,
                     "Workers":[
                        
                     ]
                  }
               ]
            }
         ]
      }
   ]
}