{
   "Node Type":"Aggregate",
   "Strategy":"Sorted",
   "Partial Mode":"Finalize",
   "Parallel Aware":false,
   "Async Capable":false,
   "Startup Cost":230876.7,
   "Total Cost":230878.66,
   "Plan Rows":6,
   "Plan Width":236,
   "Actual Startup Time":3919.91,
   "Actual Total Time":3924.066,
   "Actual Rows":4,
   "Actual Loops":1,
   "Group Key":[
      "l_returnflag",
      "l_linestatus"
   ],
   "Plans":[
      {
         "Node Type":"Gather Merge",
         "Parent Relationship":"Outer",
         "Parallel Aware":false,
         "Async Capable":false,
         "Startup Cost":230876.7,
         "Total Cost":230878.1,
         "Plan Rows":12,
         "Plan Width":236,
         "Actual Startup Time":3919.864,
         "Actual Total Time":3923.992,
         "Actual Rows":12,
         "Actual Loops":1,
         "Workers Planned":2,
         "Workers Launched":2,
         "Plans":[
            {
               "Node Type":"Sort",
               "Parent Relationship":"Outer",
               "Parallel Aware":false,
               "Async Capable":false,
               "Startup Cost":229876.68,
               "Total Cost":229876.7,
               "Plan Rows":6,
               "Plan Width":236,
               "Actual Startup Time":3897.717,
               "Actual Total Time":3897.718,
               "Actual Rows":4,
               "Actual Loops":3,
               "Sort Key":[
                  "l_returnflag",
                  "l_linestatus"
               ],
               "Sort Method":"quicksort",
               "Sort Space Used":27,
               "Sort Space Type":"Memory",
               "Workers":[
                  {
                     "Worker Number":0,
                     "Sort Method":"quicksort",
                     "Sort Space Used":27,
                     "Sort Space Type":"Memory"
                  },
                  {
                     "Worker Number":1,
                     "Sort Method":"quicksort",
                     "Sort Space Used":27,
                     "Sort Space Type":"Memory"
                  }
               ],
               "Plans":[
                  {
                     "Node Type":"Aggregate",
                     "Strategy":"Hashed",
                     "Partial Mode":"Partial",
                     "Parent Relationship":"Outer",
                     "Parallel Aware":false,
                     "Async Capable":false,
                     "Startup Cost":229876.47,
                     "Total Cost":229876.6,
                     "Plan Rows":6,
                     "Plan Width":236,
                     "Actual Startup Time":3897.624,
                     "Actual Total Time":3897.638,
                     "Actual Rows":4,
                     "Actual Loops":3,
                     "Group Key":[
                        "l_returnflag",
                        "l_linestatus"
                     ],
                     "Planned Partitions":0,
                     "HashAgg Batches":1,
                     "Peak Memory Usage":32,
                     "Disk Usage":0,
                     "Workers":[
                        {
                           "Worker Number":0,
                           "HashAgg Batches":1,
                           "Peak Memory Usage":32,
                           "Disk Usage":0
                        },
                        {
                           "Worker Number":1,
                           "HashAgg Batches":1,
                           "Peak Memory Usage":32,
                           "Disk Usage":0
                        }
                     ],
                     "Plans":[
                        {
                           "Node Type":"Seq Scan",
                           "Parent Relationship":"Outer",
                           "Parallel Aware":true,
                           "Async Capable":false,
                           "Relation Name":"lineitem",
                           "Alias":"lineitem",
                           "Startup Cost":0.0,
                           "Total Cost":143753.33,
                           "Plan Rows":2460661,
                           "Plan Width":25,
                           "Actual Startup Time":0.748,
                           "Actual Total Time":775.905,
                           "Actual Rows":1972221,
                           "Actual Loops":3,
                           "Filter":"(l_shipdate <= '1998-09-02 00:00:00'::timestamp without time zone)",
                           "Rows Removed by Filter":28184,
                           "Workers":[
                              
                           ]
                        }
                     ]
                  }
               ]
            }
         ]
      }
   ]
}