{
    "Node Type": "Sort",
    "Parallel Aware": false,
    "Async Capable": false,
    "Startup Cost": 179689.96,
    "Total Cost": 179690.02,
    "Plan Rows": 25,
    "Plan Width": 136,
    "Actual Startup Time": 97.326,
    "Actual Total Time": 122.5,
    "Actual Rows": 0,
    "Actual Loops": 1,
    "Sort Key": [
        "(sum((lineitem.l_extendedprice * ('1'::numeric - lineitem.l_discount)))) DESC"
    ],
    "Sort Method": "quicksort",
    "Sort Space Used": 25,
    "Sort Space Type": "Memory",
    "Plans": [
        {
            "Node Type": "Aggregate",
            "Strategy": "Sorted",
            "Partial Mode": "Finalize",
            "Parent Relationship": "Outer",
            "Parallel Aware": false,
            "Async Capable": false,
            "Startup Cost": 179685.82,
            "Total Cost": 179689.38,
            "Plan Rows": 25,
            "Plan Width": 136,
            "Actual Startup Time": 97.253,
            "Actual Total Time": 122.426,
            "Actual Rows": 0,
            "Actual Loops": 1,
            "Group Key": [
                "nation.n_name"
            ],
            "Plans": [
                {
                    "Node Type": "Gather Merge",
                    "Parent Relationship": "Outer",
                    "Parallel Aware": false,
                    "Async Capable": false,
                    "Startup Cost": 179685.82,
                    "Total Cost": 179688.89,
                    "Plan Rows": 24,
                    "Plan Width": 136,
                    "Actual Startup Time": 97.246,
                    "Actual Total Time": 122.419,
                    "Actual Rows": 0,
                    "Actual Loops": 1,
                    "Workers Planned": 2,
                    "Workers Launched": 2,
                    "Plans": [
                        {
                            "Node Type": "Aggregate",
                            "Strategy": "Sorted",
                            "Partial Mode": "Partial",
                            "Parent Relationship": "Outer",
                            "Parallel Aware": false,
                            "Async Capable": false,
                            "Startup Cost": 178685.79,
                            "Total Cost": 178686.09,
                            "Plan Rows": 12,
                            "Plan Width": 136,
                            "Actual Startup Time": 27.565,
                            "Actual Total Time": 27.571,
                            "Actual Rows": 0,
                            "Actual Loops": 3,
                            "Group Key": [
                                "nation.n_name"
                            ],
                            "Workers": [],
                            "Plans": [
                                {
                                    "Node Type": "Sort",
                                    "Parent Relationship": "Outer",
                                    "Parallel Aware": false,
                                    "Async Capable": false,
                                    "Startup Cost": 178685.79,
                                    "Total Cost": 178685.82,
                                    "Plan Rows": 12,
                                    "Plan Width": 140,
                                    "Actual Startup Time": 27.564,
                                    "Actual Total Time": 27.568,
                                    "Actual Rows": 0,
                                    "Actual Loops": 3,
                                    "Sort Key": [
                                        "nation.n_name"
                                    ],
                                    "Sort Method": "quicksort",
                                    "Sort Space Used": 25,
                                    "Sort Space Type": "Memory",
                                    "Workers": [
                                        {
                                            "Worker Number": 0,
                                            "Sort Method": "quicksort",
                                            "Sort Space Used": 25,
                                            "Sort Space Type": "Memory"
                                        },
                                        {
                                            "Worker Number": 1,
                                            "Sort Method": "quicksort",
                                            "Sort Space Used": 25,
                                            "Sort Space Type": "Memory"
                                        }
                                    ],
                                    "Plans": [
                                        {
                                            "Node Type": "Hash Join",
                                            "Parent Relationship": "Outer",
                                            "Parallel Aware": true,
                                            "Async Capable": false,
                                            "Join Type": "Inner",
                                            "Startup Cost": 34493.02,
                                            "Total Cost": 178685.58,
                                            "Plan Rows": 12,
                                            "Plan Width": 140,
                                            "Actual Startup Time": 27.374,
                                            "Actual Total Time": 27.379,
                                            "Actual Rows": 0,
                                            "Actual Loops": 3,
                                            "Inner Unique": false,
                                            "Hash Cond": "((orders.o_custkey = customer.c_custkey) AND (supplier.s_nationkey = customer.c_nationkey))",
                                            "Workers": [],
                                            "Plans": [
                                                {
                                                    "Node Type": "Hash Join",
                                                    "Parent Relationship": "Outer",
                                                    "Parallel Aware": false,
                                                    "Async Capable": false,
                                                    "Join Type": "Inner",
                                                    "Startup Cost": 29844.06,
                                                    "Total Cost": 173942.8,
                                                    "Plan Rows": 12502,
                                                    "Plan Width": 44,
                                                    "Actual Startup Time": 0.0,
                                                    "Actual Total Time": 0.0,
                                                    "Actual Rows": 0,
                                                    "Actual Loops": 0,
                                                    "Inner Unique": true,
                                                    "Hash Cond": "(lineitem.l_suppkey = supplier.s_suppkey)",
                                                    "Workers": [],
                                                    "Plans": [
                                                        {
                                                            "Node Type": "Hash Join",
                                                            "Parent Relationship": "Outer",
                                                            "Parallel Aware": true,
                                                            "Async Capable": false,
                                                            "Join Type": "Inner",
                                                            "Startup Cost": 29414.06,
                                                            "Total Cost": 173479.98,
                                                            "Plan Rows": 12502,
                                                            "Plan Width": 44,
                                                            "Actual Startup Time": 0.0,
                                                            "Actual Total Time": 0.0,
                                                            "Actual Rows": 0,
                                                            "Actual Loops": 0,
                                                            "Inner Unique": true,
                                                            "Hash Cond": "(lineitem.l_orderkey = orders.o_orderkey)",
                                                            "Workers": [],
                                                            "Plans": [
                                                                {
                                                                    "Node Type": "Seq Scan",
                                                                    "Parent Relationship": "Outer",
                                                                    "Parallel Aware": true,
                                                                    "Async Capable": false,
                                                                    "Relation Name": "lineitem",
                                                                    "Alias": "lineitem",
                                                                    "Startup Cost": 0.0,
                                                                    "Total Cost": 137502.06,
                                                                    "Plan Rows": 2500506,
                                                                    "Plan Width": 44,
                                                                    "Actual Startup Time": 0.0,
                                                                    "Actual Total Time": 0.0,
                                                                    "Actual Rows": 0,
                                                                    "Actual Loops": 0,
                                                                    "Workers": []
                                                                },
                                                                {
                                                                    "Node Type": "Hash",
                                                                    "Parent Relationship": "Inner",
                                                                    "Parallel Aware": true,
                                                                    "Async Capable": false,
                                                                    "Startup Cost": 29375.0,
                                                                    "Total Cost": 29375.0,
                                                                    "Plan Rows": 3125,
                                                                    "Plan Width": 8,
                                                                    "Actual Startup Time": 0.0,
                                                                    "Actual Total Time": 0.0,
                                                                    "Actual Rows": 0,
                                                                    "Actual Loops": 0,
                                                                    "Workers": [],
                                                                    "Plans": [
                                                                        {
                                                                            "Node Type": "Seq Scan",
                                                                            "Parent Relationship": "Outer",
                                                                            "Parallel Aware": true,
                                                                            "Async Capable": false,
                                                                            "Relation Name": "orders",
                                                                            "Alias": "orders",
                                                                            "Startup Cost": 0.0,
                                                                            "Total Cost": 29375.0,
                                                                            "Plan Rows": 3125,
                                                                            "Plan Width": 8,
                                                                            "Actual Startup Time": 0.0,
                                                                            "Actual Total Time": 0.0,
                                                                            "Actual Rows": 0,
                                                                            "Actual Loops": 0,
                                                                            "Filter": "((o_orderdate >= '1994-01-01'::date) AND (o_orderdate < '1995-01-01 00:00:00'::timestamp without time zone))",
                                                                            "Rows Removed by Filter": 0,
                                                                            "Workers": []
                                                                        }
                                                                    ]
                                                                }
                                                            ]
                                                        },
                                                        {
                                                            "Node Type": "Hash",
                                                            "Parent Relationship": "Inner",
                                                            "Parallel Aware": false,
                                                            "Async Capable": false,
                                                            "Startup Cost": 305.0,
                                                            "Total Cost": 305.0,
                                                            "Plan Rows": 10000,
                                                            "Plan Width": 8,
                                                            "Actual Startup Time": 0.0,
                                                            "Actual Total Time": 0.0,
                                                            "Actual Rows": 0,
                                                            "Actual Loops": 0,
                                                            "Workers": [],
                                                            "Plans": [
                                                                {
                                                                    "Node Type": "Seq Scan",
                                                                    "Parent Relationship": "Outer",
                                                                    "Parallel Aware": false,
                                                                    "Async Capable": false,
                                                                    "Relation Name": "supplier",
                                                                    "Alias": "supplier",
                                                                    "Startup Cost": 0.0,
                                                                    "Total Cost": 305.0,
                                                                    "Plan Rows": 10000,
                                                                    "Plan Width": 8,
                                                                    "Actual Startup Time": 0.0,
                                                                    "Actual Total Time": 0.0,
                                                                    "Actual Rows": 0,
                                                                    "Actual Loops": 0,
                                                                    "Workers": []
                                                                }
                                                            ]
                                                        }
                                                    ]
                                                },
                                                {
                                                    "Node Type": "Hash",
                                                    "Parent Relationship": "Inner",
                                                    "Parallel Aware": true,
                                                    "Async Capable": false,
                                                    "Startup Cost": 4461.46,
                                                    "Total Cost": 4461.46,
                                                    "Plan Rows": 12500,
                                                    "Plan Width": 116,
                                                    "Actual Startup Time": 27.181,
                                                    "Actual Total Time": 27.183,
                                                    "Actual Rows": 0,
                                                    "Actual Loops": 3,
                                                    "Hash Buckets": 32768,
                                                    "Original Hash Buckets": 32768,
                                                    "Hash Batches": 1,
                                                    "Original Hash Batches": 1,
                                                    "Peak Memory Usage": 0,
                                                    "Workers": [],
                                                    "Plans": [
                                                        {
                                                            "Node Type": "Hash Join",
                                                            "Parent Relationship": "Outer",
                                                            "Parallel Aware": false,
                                                            "Async Capable": false,
                                                            "Join Type": "Inner",
                                                            "Startup Cost": 2.46,
                                                            "Total Cost": 4461.46,
                                                            "Plan Rows": 12500,
                                                            "Plan Width": 116,
                                                            "Actual Startup Time": 40.473,
                                                            "Actual Total Time": 40.475,
                                                            "Actual Rows": 0,
                                                            "Actual Loops": 2,
                                                            "Inner Unique": false,
                                                            "Hash Cond": "(customer.c_nationkey = nation.n_nationkey)",
                                                            "Workers": [],
                                                            "Plans": [
                                                                {
                                                                    "Node Type": "Seq Scan",
                                                                    "Parent Relationship": "Outer",
                                                                    "Parallel Aware": true,
                                                                    "Async Capable": false,
                                                                    "Relation Name": "customer",
                                                                    "Alias": "customer",
                                                                    "Startup Cost": 0.0,
                                                                    "Total Cost": 4209.0,
                                                                    "Plan Rows": 62500,
                                                                    "Plan Width": 8,
                                                                    "Actual Startup Time": 0.033,
                                                                    "Actual Total Time": 27.302,
                                                                    "Actual Rows": 75000,
                                                                    "Actual Loops": 2,
                                                                    "Workers": []
                                                                },
                                                                {
                                                                    "Node Type": "Hash",
                                                                    "Parent Relationship": "Inner",
                                                                    "Parallel Aware": false,
                                                                    "Async Capable": false,
                                                                    "Startup Cost": 2.4,
                                                                    "Total Cost": 2.4,
                                                                    "Plan Rows": 5,
                                                                    "Plan Width": 108,
                                                                    "Actual Startup Time": 0.377,
                                                                    "Actual Total Time": 0.379,
                                                                    "Actual Rows": 5,
                                                                    "Actual Loops": 2,
                                                                    "Hash Buckets": 1024,
                                                                    "Original Hash Buckets": 1024,
                                                                    "Hash Batches": 1,
                                                                    "Original Hash Batches": 1,
                                                                    "Peak Memory Usage": 9,
                                                                    "Workers": [],
                                                                    "Plans": [
                                                                        {
                                                                            "Node Type": "Hash Join",
                                                                            "Parent Relationship": "Outer",
                                                                            "Parallel Aware": false,
                                                                            "Async Capable": false,
                                                                            "Join Type": "Inner",
                                                                            "Startup Cost": 1.07,
                                                                            "Total Cost": 2.4,
                                                                            "Plan Rows": 5,
                                                                            "Plan Width": 108,
                                                                            "Actual Startup Time": 0.357,
                                                                            "Actual Total Time": 0.365,
                                                                            "Actual Rows": 5,
                                                                            "Actual Loops": 2,
                                                                            "Inner Unique": true,
                                                                            "Hash Cond": "(nation.n_regionkey = region.r_regionkey)",
                                                                            "Workers": [],
                                                                            "Plans": [
                                                                                {
                                                                                    "Node Type": "Seq Scan",
                                                                                    "Parent Relationship": "Outer",
                                                                                    "Parallel Aware": false,
                                                                                    "Async Capable": false,
                                                                                    "Relation Name": "nation",
                                                                                    "Alias": "nation",
                                                                                    "Startup Cost": 0.0,
                                                                                    "Total Cost": 1.25,
                                                                                    "Plan Rows": 25,
                                                                                    "Plan Width": 112,
                                                                                    "Actual Startup Time": 0.16,
                                                                                    "Actual Total Time": 0.163,
                                                                                    "Actual Rows": 25,
                                                                                    "Actual Loops": 2,
                                                                                    "Workers": []
                                                                                },
                                                                                {
                                                                                    "Node Type": "Hash",
                                                                                    "Parent Relationship": "Inner",
                                                                                    "Parallel Aware": false,
                                                                                    "Async Capable": false,
                                                                                    "Startup Cost": 1.06,
                                                                                    "Total Cost": 1.06,
                                                                                    "Plan Rows": 1,
                                                                                    "Plan Width": 4,
                                                                                    "Actual Startup Time": 0.16,
                                                                                    "Actual Total Time": 0.16,
                                                                                    "Actual Rows": 1,
                                                                                    "Actual Loops": 2,
                                                                                    "Hash Buckets": 1024,
                                                                                    "Original Hash Buckets": 1024,
                                                                                    "Hash Batches": 1,
                                                                                    "Original Hash Batches": 1,
                                                                                    "Peak Memory Usage": 9,
                                                                                    "Workers": [],
                                                                                    "Plans": [
                                                                                        {
                                                                                            "Node Type": "Seq Scan",
                                                                                            "Parent Relationship": "Outer",
                                                                                            "Parallel Aware": false,
                                                                                            "Async Capable": false,
                                                                                            "Relation Name": "region",
                                                                                            "Alias": "region",
                                                                                            "Startup Cost": 0.0,
                                                                                            "Total Cost": 1.06,
                                                                                            "Plan Rows": 1,
                                                                                            "Plan Width": 4,
                                                                                            "Actual Startup Time": 0.137,
                                                                                            "Actual Total Time": 0.139,
                                                                                            "Actual Rows": 1,
                                                                                            "Actual Loops": 2,
                                                                                            "Filter": "(r_name = 'ASIA'::bpchar)",
                                                                                            "Rows Removed by Filter": 4,
                                                                                            "Workers": []
                                                                                        }
                                                                                    ]
                                                                                }
                                                                            ]
                                                                        }
                                                                    ]
                                                                }
                                                            ]
                                                        }
                                                    ]
                                                }
                                            ]
                                        }
                                    ]
                                }
                            ]
                        }
                    ]
                }
            ]
        }
    ]
}